#
# A fatal error has been detected by the Java Runtime Environment:
#
#  Internal Error (exceptions.cpp:397), pid=12678, tid=3063413616
#  fatal error: ExceptionMark destructor expects no pending exceptions
#
# JRE version: 6.0_26-b03
# Java VM: Java HotSpot(TM) Server VM (20.1-b02 mixed mode linux-x86 )
# If you would like to submit a bug report, please visit:
#   http://java.sun.com/webapps/bugreport/crash.jsp
#

---------------  T H R E A D  ---------------

Current thread (0x08841400):  JavaThread "main" [_thread_in_vm, id=12681, stack(0xb692f000,0xb6980000)]

Stack: [0xb692f000,0xb6980000],  sp=0xb697d530,  free space=313k
Native frames: (J=compiled Java code, j=interpreted, Vv=VM code, C=native code)
V  [libjvm.so+0x7248b0]  VMError::report_and_die()+0x2b0
V  [libjvm.so+0x2f68a1]  report_fatal(char const*, int, char const*)+0x41
V  [libjvm.so+0x34d231]  ExceptionMark::~ExceptionMark()+0x71
V  [libjvm.so+0x291e99]  ClassLoader::create_class_path_entry(char*, stat, ClassPathEntry**, bool)+0x289
V  [libjvm.so+0x291493]  LazyClassPathEntry::resolve_entry()+0x63
V  [libjvm.so+0x291530]  LazyClassPathEntry::open_stream(char const*)+0x40
V  [libjvm.so+0x292edf]  ClassLoader::load_classfile(symbolHandle, Thread*)+0x18f
V  [libjvm.so+0x6b3d62]  SystemDictionary::load_instance_class(symbolHandle, Handle, Thread*)+0xf2
V  [libjvm.so+0x6b1dfe]  SystemDictionary::resolve_instance_class_or_null(symbolHandle, Handle, Handle, Thread*)+0x55e
V  [libjvm.so+0x6b0bc6]  SystemDictionary::resolve_or_null(symbolHandle, Handle, Handle, Thread*)+0x66
V  [libjvm.so+0x6b0c02]  SystemDictionary::resolve_or_null(symbolHandle, Thread*)+0x22
V  [libjvm.so+0x442a97]  JVM_FindClassFromBootLoader+0x1a7
C  [libjava.so+0xbb8e]  Java_java_lang_ClassLoader_findBootstrapClass+0xee
j  java.lang.ClassLoader.findBootstrapClass(Ljava/lang/String;)Ljava/lang/Class;+0
j  java.lang.ClassLoader.findBootstrapClassOrNull(Ljava/lang/String;)Ljava/lang/Class;+12
j  java.lang.ClassLoader.loadClass(Ljava/lang/String;Z)Ljava/lang/Class;+32
j  java.lang.ClassLoader.loadClass(Ljava/lang/String;Z)Ljava/lang/Class;+23
j  sun.misc.Launcher$AppClassLoader.loadClass(Ljava/lang/String;Z)Ljava/lang/Class;+41
j  java.lang.ClassLoader.loadClass(Ljava/lang/String;)Ljava/lang/Class;+3
v  ~StubRoutines::call_stub
V  [libjvm.so+0x3dff01]  JavaCalls::call_helper(JavaValue*, methodHandle*, JavaCallArguments*, Thread*)+0x1c1
V  [libjvm.so+0x5e1298]  os::os_exception_wrapper(void (*)(JavaValue*, methodHandle*, JavaCallArguments*, Thread*), JavaValue*, methodHandle*, JavaCallArguments*, Thread*)+0x18
V  [libjvm.so+0x3df775]  JavaCalls::call_virtual(JavaValue*, KlassHandle, symbolHandle, symbolHandle, JavaCallArguments*, Thread*)+0xc5
V  [libjvm.so+0x3df8b2]  JavaCalls::call_virtual(JavaValue*, Handle, KlassHandle, symbolHandle, symbolHandle, Handle, Thread*)+0x62
V  [libjvm.so+0x6b3ff9]  SystemDictionary::load_instance_class(symbolHandle, Handle, Thread*)+0x389
V  [libjvm.so+0x6b1dfe]  SystemDictionary::resolve_instance_class_or_null(symbolHandle, Handle, Handle, Thread*)+0x55e
V  [libjvm.so+0x6b0bc6]  SystemDictionary::resolve_or_null(symbolHandle, Handle, Handle, Thread*)+0x66
V  [libjvm.so+0x6b0830]  SystemDictionary::resolve_or_fail(symbolHandle, Handle, Handle, bool, Thread*)+0x30
V  [libjvm.so+0x45cc6e]  find_class_from_class_loader(JNIEnv_*, symbolHandle, unsigned char, Handle, Handle, unsigned char, Thread*)+0x3e
V  [libjvm.so+0x3ecc54]  unsigned+0x324
C  [java+0x34d7]
C  [java+0x1ce8]  JavaMain+0x418
C  [libpthread.so.0+0x6d31]  short+0xd1

Java frames: (J=compiled Java code, j=interpreted, Vv=VM code)
j  java.lang.ClassLoader.findBootstrapClass(Ljava/lang/String;)Ljava/lang/Class;+0
j  java.lang.ClassLoader.findBootstrapClassOrNull(Ljava/lang/String;)Ljava/lang/Class;+12
j  java.lang.ClassLoader.loadClass(Ljava/lang/String;Z)Ljava/lang/Class;+32
j  java.lang.ClassLoader.loadClass(Ljava/lang/String;Z)Ljava/lang/Class;+23
j  sun.misc.Launcher$AppClassLoader.loadClass(Ljava/lang/String;Z)Ljava/lang/Class;+41
j  java.lang.ClassLoader.loadClass(Ljava/lang/String;)Ljava/lang/Class;+3
v  ~StubRoutines::call_stub

---------------  P R O C E S S  ---------------

Java Threads: ( => current thread )
  0x72504800 JavaThread "Low Memory Detector" daemon [_thread_blocked, id=12692, stack(0x71daf000,0x71e00000)]
  0x72502800 JavaThread "C2 CompilerThread1" daemon [_thread_blocked, id=12691, stack(0x71f0f000,0x71f90000)]
  0x72500800 JavaThread "C2 CompilerThread0" daemon [_thread_blocked, id=12690, stack(0x71f90000,0x72011000)]
  0x088f6c00 JavaThread "Signal Dispatcher" daemon [_thread_blocked, id=12689, stack(0x72011000,0x72062000)]
  0x088e8800 JavaThread "Finalizer" daemon [_thread_blocked, id=12688, stack(0x72620000,0x72671000)]
  0x088e3c00 JavaThread "Reference Handler" daemon [_thread_blocked, id=12687, stack(0x72262000,0x722b3000)]
=>0x08841400 JavaThread "main" [_thread_in_vm, id=12681, stack(0xb692f000,0xb6980000)]

Other Threads:
  0x088e0000 VMThread [stack: 0x722b3000,0x72334000] [id=12686]
  0x7250e800 WatcherThread [stack: 0x71d2e000,0x71daf000] [id=12693]

VM state:not at safepoint (normal execution)

VM Mutex/Monitor currently owned by a thread: None

Heap
 PSYoungGen      total 18176K, used 312K [0x9f3e0000, 0xa0820000, 0xb37e0000)
  eden space 15616K, 2% used [0x9f3e0000,0x9f42e158,0xa0320000)
  from space 2560K, 0% used [0xa05a0000,0xa05a0000,0xa0820000)
  to   space 2560K, 0% used [0xa0320000,0xa0320000,0xa05a0000)
 PSOldGen        total 41472K, used 0K [0x76be0000, 0x79460000, 0x9f3e0000)
  object space 41472K, 0% used [0x76be0000,0x76be0000,0x79460000)
 PSPermGen       total 16384K, used 1580K [0x72be0000, 0x73be0000, 0x76be0000)
  object space 16384K, 9% used [0x72be0000,0x72d6b340,0x73be0000)

Code Cache  [0xb38af000, 0xb3aef000, 0xb68af000)
 total_blobs=90 nmethods=0 adapters=58 free_code_cache=50039104 largest_free_block=0

Dynamic libraries:
08048000-08052000 r-xp 00000000 08:01 4593473    /usr/lib/jvm/java-6-sun-1.6.0.26/jre/bin/java
08052000-08053000 rwxp 00009000 08:01 4593473    /usr/lib/jvm/java-6-sun-1.6.0.26/jre/bin/java
0883b000-08911000 rwxp 00000000 00:00 0          [heap]
71d2e000-71d2f000 ---p 00000000 00:00 0 
71d2f000-71daf000 rwxp 00000000 00:00 0 
71daf000-71db2000 ---p 00000000 00:00 0 
71db2000-71e00000 rwxp 00000000 00:00 0 
71e00000-71e21000 rwxp 00000000 00:00 0 
71e21000-71f00000 ---p 00000000 00:00 0 
71f0f000-71f12000 ---p 00000000 00:00 0 
71f12000-71f90000 rwxp 00000000 00:00 0 
71f90000-71f93000 ---p 00000000 00:00 0 
71f93000-72011000 rwxp 00000000 00:00 0 
72011000-72014000 ---p 00000000 00:00 0 
72014000-72062000 rwxp 00000000 00:00 0 
72062000-72262000 r-xp 00000000 08:01 4064646    /usr/lib/locale/locale-archive
72262000-72265000 ---p 00000000 00:00 0 
72265000-722b3000 rwxp 00000000 00:00 0 
722b3000-722b4000 ---p 00000000 00:00 0 
722b4000-72368000 rwxp 00000000 00:00 0 
72368000-72500000 r-xs 03029000 08:01 4205691    /usr/lib/jvm/java-6-sun-1.6.0.26/jre/lib/rt.jar
72500000-72534000 rwxp 00000000 00:00 0 
72534000-72600000 ---p 00000000 00:00 0 
72620000-72623000 ---p 00000000 00:00 0 
72623000-72671000 rwxp 00000000 00:00 0 
72671000-72672000 ---p 00000000 00:00 0 
72672000-726f2000 rwxp 00000000 00:00 0 
726f2000-726f3000 ---p 00000000 00:00 0 
726f3000-72773000 rwxp 00000000 00:00 0 
72773000-72774000 ---p 00000000 00:00 0 
72774000-727f4000 rwxp 00000000 00:00 0 
727f4000-727f5000 ---p 00000000 00:00 0 
727f5000-7287d000 rwxp 00000000 00:00 0 
7287d000-72895000 rwxp 00000000 00:00 0 
72895000-728aa000 rwxp 00000000 00:00 0 
728aa000-729d9000 rwxp 00000000 00:00 0 
729d9000-729e1000 rwxp 00000000 00:00 0 
729e1000-729f9000 rwxp 00000000 00:00 0 
729f9000-72a0e000 rwxp 00000000 00:00 0 
72a0e000-72b3d000 rwxp 00000000 00:00 0 
72b3d000-72b48000 rwxp 00000000 00:00 0 
72b48000-72bdf000 rwxp 00000000 00:00 0 
72bdf000-73be0000 rwxp 00000000 00:00 0 
73be0000-76be0000 rwxp 00000000 00:00 0 
76be0000-79460000 rwxp 00000000 00:00 0 
79460000-9f3e0000 rwxp 00000000 00:00 0 
9f3e0000-a0820000 rwxp 00000000 00:00 0 
a0820000-b37e0000 rwxp 00000000 00:00 0 
b37ef000-b37f8000 rwxp 00000000 00:00 0 
b37f8000-b38af000 rwxp 00000000 00:00 0 
b38af000-b3aef000 rwxp 00000000 00:00 0 
b3aef000-b68af000 rwxp 00000000 00:00 0 
b68af000-b68ba000 r-xp 00000000 08:01 14685025   /lib/i386-linux-gnu/libnss_files-2.13.so
b68ba000-b68bb000 r-xp 0000a000 08:01 14685025   /lib/i386-linux-gnu/libnss_files-2.13.so
b68bb000-b68bc000 rwxp 0000b000 08:01 14685025   /lib/i386-linux-gnu/libnss_files-2.13.so
b68bc000-b68c6000 r-xp 00000000 08:01 14685042   /lib/i386-linux-gnu/libnss_nis-2.13.so
b68c6000-b68c7000 r-xp 00009000 08:01 14685042   /lib/i386-linux-gnu/libnss_nis-2.13.so
b68c7000-b68c8000 rwxp 0000a000 08:01 14685042   /lib/i386-linux-gnu/libnss_nis-2.13.so
b68c8000-b68d0000 r-xp 00000000 08:01 14685023   /lib/i386-linux-gnu/libnss_compat-2.13.so
b68d0000-b68d1000 r-xp 00007000 08:01 14685023   /lib/i386-linux-gnu/libnss_compat-2.13.so
b68d1000-b68d2000 rwxp 00008000 08:01 14685023   /lib/i386-linux-gnu/libnss_compat-2.13.so
b68d2000-b68e7000 r-xp 00000000 08:01 14685022   /lib/i386-linux-gnu/libnsl-2.13.so
b68e7000-b68e8000 r-xp 00015000 08:01 14685022   /lib/i386-linux-gnu/libnsl-2.13.so
b68e8000-b68e9000 rwxp 00016000 08:01 14685022   /lib/i386-linux-gnu/libnsl-2.13.so
b68e9000-b68eb000 rwxp 00000000 00:00 0 
b68ef000-b68f0000 r-xp 002a1000 08:01 4064646    /usr/lib/locale/locale-archive
b68f0000-b68ff000 r-xp 00000000 08:01 4593526    /usr/lib/jvm/java-6-sun-1.6.0.26/jre/lib/i386/libzip.so
b68ff000-b6901000 rwxp 0000e000 08:01 4593526    /usr/lib/jvm/java-6-sun-1.6.0.26/jre/lib/i386/libzip.so
b6901000-b6924000 r-xp 00000000 08:01 4593524    /usr/lib/jvm/java-6-sun-1.6.0.26/jre/lib/i386/libjava.so
b6924000-b6926000 rwxp 00023000 08:01 4593524    /usr/lib/jvm/java-6-sun-1.6.0.26/jre/lib/i386/libjava.so
b6926000-b692d000 r-xp 00000000 08:01 14685064   /lib/i386-linux-gnu/librt-2.13.so
b692d000-b692e000 r-xp 00006000 08:01 14685064   /lib/i386-linux-gnu/librt-2.13.so
b692e000-b692f000 rwxp 00007000 08:01 14685064   /lib/i386-linux-gnu/librt-2.13.so
b692f000-b6932000 ---p 00000000 00:00 0 
b6932000-b6980000 rwxp 00000000 00:00 0 
b6980000-b69a8000 r-xp 00000000 08:01 14685020   /lib/i386-linux-gnu/libm-2.13.so
b69a8000-b69a9000 r-xp 00028000 08:01 14685020   /lib/i386-linux-gnu/libm-2.13.so
b69a9000-b69aa000 rwxp 00029000 08:01 14685020   /lib/i386-linux-gnu/libm-2.13.so
b69aa000-b715c000 r-xp 00000000 08:01 4593514    /usr/lib/jvm/java-6-sun-1.6.0.26/jre/lib/i386/server/libjvm.so
b715c000-b71b0000 rwxp 007b1000 08:01 4593514    /usr/lib/jvm/java-6-sun-1.6.0.26/jre/lib/i386/server/libjvm.so
b71b0000-b75cf000 rwxp 00000000 00:00 0 
b75cf000-b7747000 r-xp 00000000 08:01 14684867   /lib/i386-linux-gnu/libc-2.13.so
b7747000-b7749000 r-xp 00178000 08:01 14684867   /lib/i386-linux-gnu/libc-2.13.so
b7749000-b774a000 rwxp 0017a000 08:01 14684867   /lib/i386-linux-gnu/libc-2.13.so
b774a000-b774d000 rwxp 00000000 00:00 0 
b774d000-b7750000 r-xp 00000000 08:01 14685019   /lib/i386-linux-gnu/libdl-2.13.so
b7750000-b7751000 r-xp 00002000 08:01 14685019   /lib/i386-linux-gnu/libdl-2.13.so
b7751000-b7752000 rwxp 00003000 08:01 14685019   /lib/i386-linux-gnu/libdl-2.13.so
b7752000-b7759000 r-xp 00000000 08:01 4593525    /usr/lib/jvm/java-6-sun-1.6.0.26/jre/lib/i386/jli/libjli.so
b7759000-b775b000 rwxp 00006000 08:01 4593525    /usr/lib/jvm/java-6-sun-1.6.0.26/jre/lib/i386/jli/libjli.so
b775b000-b775c000 rwxp 00000000 00:00 0 
b775c000-b7773000 r-xp 00000000 08:01 14685062   /lib/i386-linux-gnu/libpthread-2.13.so
b7773000-b7774000 r-xp 00016000 08:01 14685062   /lib/i386-linux-gnu/libpthread-2.13.so
b7774000-b7775000 rwxp 00017000 08:01 14685062   /lib/i386-linux-gnu/libpthread-2.13.so
b7775000-b7777000 rwxp 00000000 00:00 0 
b7777000-b777f000 rwxs 00000000 08:01 14162044   /tmp/hsperfdata_bilsj/12678
b777f000-b7780000 rwxp 00000000 00:00 0 
b7780000-b7781000 r-xp 00000000 00:00 0 
b7781000-b778c000 r-xp 00000000 08:01 4593523    /usr/lib/jvm/java-6-sun-1.6.0.26/jre/lib/i386/libverify.so
b778c000-b778d000 rwxp 0000b000 08:01 4593523    /usr/lib/jvm/java-6-sun-1.6.0.26/jre/lib/i386/libverify.so
b778d000-b778f000 rwxp 00000000 00:00 0 
b778f000-b7790000 r-xp 00000000 00:00 0          [vdso]
b7790000-b77ae000 r-xp 00000000 08:01 14680183   /lib/i386-linux-gnu/ld-2.13.so
b77ae000-b77af000 r-xp 0001d000 08:01 14680183   /lib/i386-linux-gnu/ld-2.13.so
b77af000-b77b0000 rwxp 0001e000 08:01 14680183   /lib/i386-linux-gnu/ld-2.13.so
bff92000-bffb4000 rwxp 00000000 00:00 0          [stack]

VM Arguments:
jvm_args: -Xbootclasspath/a:/home/bilsj/.m2/repository/org/scala-lang/scala-library/2.9.2/scala-library-2.9.2.jar 
java_command: org_scala_tools_maven_executions.MainWithArgsInFile scala.tools.nsc.Main /tmp/scala-maven-2245101474087074705.args
Launcher Type: SUN_STANDARD

Environment Variables:
JAVA_HOME=/usr/lib/jvm/java-6-sun
PATH=/usr/lib/lightdm/lightdm:/usr/local/sbin:/usr/local/bin:/usr/sbin:/usr/bin:/sbin:/bin:/usr/games:/usr/local/apache-maven/apache-maven/bin
USERNAME=bilsj
LD_LIBRARY_PATH=/usr/lib/jvm/java-6-sun-1.6.0.26/jre/lib/i386/server:/usr/lib/jvm/java-6-sun-1.6.0.26/jre/lib/i386:/usr/lib/jvm/java-6-sun-1.6.0.26/jre/../lib/i386
SHELL=/bin/bash
DISPLAY=:0

Signal Handlers:
SIGSEGV: [libjvm.so+0x725510], sa_mask[0]=0x7ffbfeff, sa_flags=0x10000004
SIGBUS: [libjvm.so+0x725510], sa_mask[0]=0x7ffbfeff, sa_flags=0x10000004
SIGFPE: [libjvm.so+0x5dff20], sa_mask[0]=0x7ffbfeff, sa_flags=0x10000004
SIGPIPE: [libjvm.so+0x5dff20], sa_mask[0]=0x7ffbfeff, sa_flags=0x10000004
SIGXFSZ: [libjvm.so+0x5dff20], sa_mask[0]=0x7ffbfeff, sa_flags=0x10000004
SIGILL: [libjvm.so+0x5dff20], sa_mask[0]=0x7ffbfeff, sa_flags=0x10000004
SIGUSR1: SIG_DFL, sa_mask[0]=0x00000000, sa_flags=0x00000000
SIGUSR2: [libjvm.so+0x5e3160], sa_mask[0]=0x00000004, sa_flags=0x10000004
SIGHUP: [libjvm.so+0x5e2d40], sa_mask[0]=0x7ffbfeff, sa_flags=0x10000004
SIGINT: [libjvm.so+0x5e2d40], sa_mask[0]=0x7ffbfeff, sa_flags=0x10000004
SIGTERM: [libjvm.so+0x5e2d40], sa_mask[0]=0x7ffbfeff, sa_flags=0x10000004
SIGQUIT: [libjvm.so+0x5e2d40], sa_mask[0]=0x7ffbfeff, sa_flags=0x10000004


---------------  S Y S T E M  ---------------

OS:wheezy/sid

uname:Linux 3.0.0-19-generic-pae #32-Ubuntu SMP Thu Apr 5 20:14:48 UTC 2012 i686
libc:glibc 2.13 NPTL 2.13 
rlimit: STACK 8192k, CORE 0k, NPROC 30944, NOFILE 4096, AS infinity
load average:0.57 0.48 0.33

/proc/meminfo:
MemTotal:        3980388 kB
MemFree:          256244 kB
Buffers:          126084 kB
Cached:          1607992 kB
SwapCached:         1548 kB
Active:          2097204 kB
Inactive:        1421040 kB
Active(anon):    1281060 kB
Inactive(anon):   511980 kB
Active(file):     816144 kB
Inactive(file):   909060 kB
Unevictable:          36 kB
Mlocked:              36 kB
HighTotal:       3137604 kB
HighFree:          76540 kB
LowTotal:         842784 kB
LowFree:          179704 kB
SwapTotal:      12286972 kB
SwapFree:       12277824 kB
Dirty:               324 kB
Writeback:             0 kB
AnonPages:       1782480 kB
Mapped:           182228 kB
Shmem:              8860 kB
Slab:             113524 kB
SReclaimable:      76420 kB
SUnreclaim:        37104 kB
KernelStack:        4928 kB
PageTables:        13764 kB
NFS_Unstable:          0 kB
Bounce:                0 kB
WritebackTmp:          0 kB
CommitLimit:    14277164 kB
Committed_AS:    5929452 kB
VmallocTotal:     122880 kB
VmallocUsed:       82392 kB
VmallocChunk:      33276 kB
HardwareCorrupted:     0 kB
AnonHugePages:         0 kB
HugePages_Total:       0
HugePages_Free:        0
HugePages_Rsvd:        0
HugePages_Surp:        0
Hugepagesize:       2048 kB
DirectMap4k:       69624 kB
DirectMap2M:      843776 kB


CPU:total 4 (2 cores per cpu, 2 threads per core) family 6 model 37 stepping 5, cmov, cx8, fxsr, mmx, sse, sse2, sse3, ssse3, sse4.1, sse4.2, popcnt, ht

/proc/cpuinfo:
processor	: 0
vendor_id	: GenuineIntel
cpu family	: 6
model		: 37
model name	: Intel(R) Core(TM) i7 CPU       M 620  @ 2.67GHz
stepping	: 5
cpu MHz		: 2667.000
cache size	: 4096 KB
physical id	: 0
siblings	: 4
core id		: 0
cpu cores	: 2
apicid		: 0
initial apicid	: 0
fdiv_bug	: no
hlt_bug		: no
f00f_bug	: no
coma_bug	: no
fpu		: yes
fpu_exception	: yes
cpuid level	: 11
wp		: yes
flags		: fpu vme de pse tsc msr pae mce cx8 apic sep mtrr pge mca cmov pat pse36 clflush dts acpi mmx fxsr sse sse2 ss ht tm pbe nx rdtscp lm constant_tsc arch_perfmon pebs bts xtopology nonstop_tsc aperfmperf pni pclmulqdq dtes64 monitor ds_cpl vmx smx est tm2 ssse3 cx16 xtpr pdcm sse4_1 sse4_2 popcnt aes lahf_lm ida arat dts tpr_shadow vnmi flexpriority ept vpid
bogomips	: 5320.25
clflush size	: 64
cache_alignment	: 64
address sizes	: 36 bits physical, 48 bits virtual
power management:

processor	: 1
vendor_id	: GenuineIntel
cpu family	: 6
model		: 37
model name	: Intel(R) Core(TM) i7 CPU       M 620  @ 2.67GHz
stepping	: 5
cpu MHz		: 1999.000
cache size	: 4096 KB
physical id	: 0
siblings	: 4
core id		: 0
cpu cores	: 2
apicid		: 1
initial apicid	: 1
fdiv_bug	: no
hlt_bug		: no
f00f_bug	: no
coma_bug	: no
fpu		: yes
fpu_exception	: yes
cpuid level	: 11
wp		: yes
flags		: fpu vme de pse tsc msr pae mce cx8 apic sep mtrr pge mca cmov pat pse36 clflush dts acpi mmx fxsr sse sse2 ss ht tm pbe nx rdtscp lm constant_tsc arch_perfmon pebs bts xtopology nonstop_tsc aperfmperf pni pclmulqdq dtes64 monitor ds_cpl vmx smx est tm2 ssse3 cx16 xtpr pdcm sse4_1 sse4_2 popcnt aes lahf_lm ida arat dts tpr_shadow vnmi flexpriority ept vpid
bogomips	: 5319.90
clflush size	: 64
cache_alignment	: 64
address sizes	: 36 bits physical, 48 bits virtual
power management:

processor	: 2
vendor_id	: GenuineIntel
cpu family	: 6
model		: 37
model name	: Intel(R) Core(TM) i7 CPU       M 620  @ 2.67GHz
stepping	: 5
cpu MHz		: 1199.000
cache size	: 4096 KB
physical id	: 0
siblings	: 4
core id		: 2
cpu cores	: 2
apicid		: 4
initial apicid	: 4
fdiv_bug	: no
hlt_bug		: no
f00f_bug	: no
coma_bug	: no
fpu		: yes
fpu_exception	: yes
cpuid level	: 11
wp		: yes
flags		: fpu vme de pse tsc msr pae mce cx8 apic sep mtrr pge mca cmov pat pse36 clflush dts acpi mmx fxsr sse sse2 ss ht tm pbe nx rdtscp lm constant_tsc arch_perfmon pebs bts xtopology nonstop_tsc aperfmperf pni pclmulqdq dtes64 monitor ds_cpl vmx smx est tm2 ssse3 cx16 xtpr pdcm sse4_1 sse4_2 popcnt aes lahf_lm ida arat dts tpr_shadow vnmi flexpriority ept vpid
bogomips	: 5319.91
clflush size	: 64
cache_alignment	: 64
address sizes	: 36 bits physical, 48 bits virtual
power management:

processor	: 3
vendor_id	: GenuineIntel
cpu family	: 6
model		: 37
model name	: Intel(R) Core(TM) i7 CPU       M 620  @ 2.67GHz
stepping	: 5
cpu MHz		: 1199.000
cache size	: 4096 KB
physical id	: 0
siblings	: 4
core id		: 2
cpu cores	: 2
apicid		: 5
initial apicid	: 5
fdiv_bug	: no
hlt_bug		: no
f00f_bug	: no
coma_bug	: no
fpu		: yes
fpu_exception	: yes
cpuid level	: 11
wp		: yes
flags		: fpu vme de pse tsc msr pae mce cx8 apic sep mtrr pge mca cmov pat pse36 clflush dts acpi mmx fxsr sse sse2 ss ht tm pbe nx rdtscp lm constant_tsc arch_perfmon pebs bts xtopology nonstop_tsc aperfmperf pni pclmulqdq dtes64 monitor ds_cpl vmx smx est tm2 ssse3 cx16 xtpr pdcm sse4_1 sse4_2 popcnt aes lahf_lm ida arat dts tpr_shadow vnmi flexpriority ept vpid
bogomips	: 5319.91
clflush size	: 64
cache_alignment	: 64
address sizes	: 36 bits physical, 48 bits virtual
power management:



Memory: 4k page, physical 3980388k(256244k free), swap 12286972k(12277824k free)

vm_info: Java HotSpot(TM) Server VM (20.1-b02) for linux-x86 JRE (1.6.0_26-b03), built on May  4 2011 01:04:10 by "java_re" with gcc 3.2.1-7a (J2SE release)

time: Mon May  7 11:57:57 2012
elapsed time: 0 seconds

