#
# A fatal error has been detected by the Java Runtime Environment:
#
#  Internal Error (exceptions.cpp:397), pid=12720, tid=3063208816
#  fatal error: ExceptionMark destructor expects no pending exceptions
#
# JRE version: 6.0_26-b03
# Java VM: Java HotSpot(TM) Server VM (20.1-b02 mixed mode linux-x86 )
# If you would like to submit a bug report, please visit:
#   http://java.sun.com/webapps/bugreport/crash.jsp
#

---------------  T H R E A D  ---------------

Current thread (0x08449400):  JavaThread "main" [_thread_in_vm, id=12723, stack(0xb68fd000,0xb694e000)]

Stack: [0xb68fd000,0xb694e000],  sp=0xb694b530,  free space=313k
Native frames: (J=compiled Java code, j=interpreted, Vv=VM code, C=native code)
V  [libjvm.so+0x7248b0]  VMError::report_and_die()+0x2b0
V  [libjvm.so+0x2f68a1]  report_fatal(char const*, int, char const*)+0x41
V  [libjvm.so+0x34d231]  ExceptionMark::~ExceptionMark()+0x71
V  [libjvm.so+0x291e99]  ClassLoader::create_class_path_entry(char*, stat, ClassPathEntry**, bool)+0x289
V  [libjvm.so+0x291493]  LazyClassPathEntry::resolve_entry()+0x63
V  [libjvm.so+0x291530]  LazyClassPathEntry::open_stream(char const*)+0x40
V  [libjvm.so+0x292edf]  ClassLoader::load_classfile(symbolHandle, Thread*)+0x18f
V  [libjvm.so+0x6b3d62]  SystemDictionary::load_instance_class(symbolHandle, Handle, Thread*)+0xf2
V  [libjvm.so+0x6b1dfe]  SystemDictionary::resolve_instance_class_or_null(symbolHandle, Handle, Handle, Thread*)+0x55e
V  [libjvm.so+0x6b0bc6]  SystemDictionary::resolve_or_null(symbolHandle, Handle, Handle, Thread*)+0x66
V  [libjvm.so+0x6b0c02]  SystemDictionary::resolve_or_null(symbolHandle, Thread*)+0x22
V  [libjvm.so+0x442a97]  JVM_FindClassFromBootLoader+0x1a7
C  [libjava.so+0xbb8e]  Java_java_lang_ClassLoader_findBootstrapClass+0xee
j  java.lang.ClassLoader.findBootstrapClass(Ljava/lang/String;)Ljava/lang/Class;+0
j  java.lang.ClassLoader.findBootstrapClassOrNull(Ljava/lang/String;)Ljava/lang/Class;+12
j  java.lang.ClassLoader.loadClass(Ljava/lang/String;Z)Ljava/lang/Class;+32
j  java.lang.ClassLoader.loadClass(Ljava/lang/String;Z)Ljava/lang/Class;+23
j  sun.misc.Launcher$AppClassLoader.loadClass(Ljava/lang/String;Z)Ljava/lang/Class;+41
j  java.lang.ClassLoader.loadClass(Ljava/lang/String;)Ljava/lang/Class;+3
v  ~StubRoutines::call_stub
V  [libjvm.so+0x3dff01]  JavaCalls::call_helper(JavaValue*, methodHandle*, JavaCallArguments*, Thread*)+0x1c1
V  [libjvm.so+0x5e1298]  os::os_exception_wrapper(void (*)(JavaValue*, methodHandle*, JavaCallArguments*, Thread*), JavaValue*, methodHandle*, JavaCallArguments*, Thread*)+0x18
V  [libjvm.so+0x3df775]  JavaCalls::call_virtual(JavaValue*, KlassHandle, symbolHandle, symbolHandle, JavaCallArguments*, Thread*)+0xc5
V  [libjvm.so+0x3df8b2]  JavaCalls::call_virtual(JavaValue*, Handle, KlassHandle, symbolHandle, symbolHandle, Handle, Thread*)+0x62
V  [libjvm.so+0x6b3ff9]  SystemDictionary::load_instance_class(symbolHandle, Handle, Thread*)+0x389
V  [libjvm.so+0x6b1dfe]  SystemDictionary::resolve_instance_class_or_null(symbolHandle, Handle, Handle, Thread*)+0x55e
V  [libjvm.so+0x6b0bc6]  SystemDictionary::resolve_or_null(symbolHandle, Handle, Handle, Thread*)+0x66
V  [libjvm.so+0x6b0830]  SystemDictionary::resolve_or_fail(symbolHandle, Handle, Handle, bool, Thread*)+0x30
V  [libjvm.so+0x45cc6e]  find_class_from_class_loader(JNIEnv_*, symbolHandle, unsigned char, Handle, Handle, unsigned char, Thread*)+0x3e
V  [libjvm.so+0x3ecc54]  unsigned+0x324
C  [java+0x34d7]
C  [java+0x1ce8]  JavaMain+0x418
C  [libpthread.so.0+0x6d31]  short+0xd1

Java frames: (J=compiled Java code, j=interpreted, Vv=VM code)
j  java.lang.ClassLoader.findBootstrapClass(Ljava/lang/String;)Ljava/lang/Class;+0
j  java.lang.ClassLoader.findBootstrapClassOrNull(Ljava/lang/String;)Ljava/lang/Class;+12
j  java.lang.ClassLoader.loadClass(Ljava/lang/String;Z)Ljava/lang/Class;+32
j  java.lang.ClassLoader.loadClass(Ljava/lang/String;Z)Ljava/lang/Class;+23
j  sun.misc.Launcher$AppClassLoader.loadClass(Ljava/lang/String;Z)Ljava/lang/Class;+41
j  java.lang.ClassLoader.loadClass(Ljava/lang/String;)Ljava/lang/Class;+3
v  ~StubRoutines::call_stub

---------------  P R O C E S S  ---------------

Java Threads: ( => current thread )
  0x72500c00 JavaThread "Low Memory Detector" daemon [_thread_blocked, id=12734, stack(0x71ea1000,0x71ef2000)]
  0x08503000 JavaThread "C2 CompilerThread1" daemon [_thread_blocked, id=12733, stack(0x71ef2000,0x71f73000)]
  0x08500800 JavaThread "C2 CompilerThread0" daemon [_thread_blocked, id=12732, stack(0x71f73000,0x71ff4000)]
  0x084fec00 JavaThread "Signal Dispatcher" daemon [_thread_blocked, id=12731, stack(0x71ff4000,0x72045000)]
  0x084f0800 JavaThread "Finalizer" daemon [_thread_blocked, id=12730, stack(0x72245000,0x72296000)]
  0x084ebc00 JavaThread "Reference Handler" daemon [_thread_blocked, id=12729, stack(0x72296000,0x722e7000)]
=>0x08449400 JavaThread "main" [_thread_in_vm, id=12723, stack(0xb68fd000,0xb694e000)]

Other Threads:
  0x084e8000 VMThread [stack: 0x722e7000,0x72368000] [id=12728]
  0x72502800 WatcherThread [stack: 0x71e20000,0x71ea1000] [id=12735]

VM state:not at safepoint (normal execution)

VM Mutex/Monitor currently owned by a thread: None

Heap
 PSYoungGen      total 18176K, used 312K [0x9f3b0000, 0xa07f0000, 0xb37b0000)
  eden space 15616K, 2% used [0x9f3b0000,0x9f3fe158,0xa02f0000)
  from space 2560K, 0% used [0xa0570000,0xa0570000,0xa07f0000)
  to   space 2560K, 0% used [0xa02f0000,0xa02f0000,0xa0570000)
 PSOldGen        total 41472K, used 0K [0x76bb0000, 0x79430000, 0x9f3b0000)
  object space 41472K, 0% used [0x76bb0000,0x76bb0000,0x79430000)
 PSPermGen       total 16384K, used 1580K [0x72bb0000, 0x73bb0000, 0x76bb0000)
  object space 16384K, 9% used [0x72bb0000,0x72d3b340,0x73bb0000)

Code Cache  [0xb387d000, 0xb3abd000, 0xb687d000)
 total_blobs=90 nmethods=0 adapters=58 free_code_cache=50039104 largest_free_block=0

Dynamic libraries:
08048000-08052000 r-xp 00000000 08:01 4593473    /usr/lib/jvm/java-6-sun-1.6.0.26/jre/bin/java
08052000-08053000 rwxp 00009000 08:01 4593473    /usr/lib/jvm/java-6-sun-1.6.0.26/jre/bin/java
08443000-08519000 rwxp 00000000 00:00 0          [heap]
71e20000-71e21000 ---p 00000000 00:00 0 
71e21000-71ea1000 rwxp 00000000 00:00 0 
71ea1000-71ea4000 ---p 00000000 00:00 0 
71ea4000-71ef2000 rwxp 00000000 00:00 0 
71ef2000-71ef5000 ---p 00000000 00:00 0 
71ef5000-71f73000 rwxp 00000000 00:00 0 
71f73000-71f76000 ---p 00000000 00:00 0 
71f76000-71ff4000 rwxp 00000000 00:00 0 
71ff4000-71ff7000 ---p 00000000 00:00 0 
71ff7000-72045000 rwxp 00000000 00:00 0 
72045000-72245000 r-xp 00000000 08:01 4064646    /usr/lib/locale/locale-archive
72245000-72248000 ---p 00000000 00:00 0 
72248000-72296000 rwxp 00000000 00:00 0 
72296000-72299000 ---p 00000000 00:00 0 
72299000-722e7000 rwxp 00000000 00:00 0 
722e7000-722e8000 ---p 00000000 00:00 0 
722e8000-72368000 rwxp 00000000 00:00 0 
72368000-72500000 r-xs 03029000 08:01 4205691    /usr/lib/jvm/java-6-sun-1.6.0.26/jre/lib/rt.jar
72500000-72528000 rwxp 00000000 00:00 0 
72528000-72600000 ---p 00000000 00:00 0 
7260d000-72641000 rwxp 00000000 00:00 0 
72641000-72642000 ---p 00000000 00:00 0 
72642000-726c2000 rwxp 00000000 00:00 0 
726c2000-726c3000 ---p 00000000 00:00 0 
726c3000-72743000 rwxp 00000000 00:00 0 
72743000-72744000 ---p 00000000 00:00 0 
72744000-727c4000 rwxp 00000000 00:00 0 
727c4000-727c5000 ---p 00000000 00:00 0 
727c5000-7284d000 rwxp 00000000 00:00 0 
7284d000-72865000 rwxp 00000000 00:00 0 
72865000-7287a000 rwxp 00000000 00:00 0 
7287a000-729a9000 rwxp 00000000 00:00 0 
729a9000-729b1000 rwxp 00000000 00:00 0 
729b1000-729c9000 rwxp 00000000 00:00 0 
729c9000-729de000 rwxp 00000000 00:00 0 
729de000-72b0d000 rwxp 00000000 00:00 0 
72b0d000-72b18000 rwxp 00000000 00:00 0 
72b18000-72baf000 rwxp 00000000 00:00 0 
72baf000-73bb0000 rwxp 00000000 00:00 0 
73bb0000-76bb0000 rwxp 00000000 00:00 0 
76bb0000-79430000 rwxp 00000000 00:00 0 
79430000-9f3b0000 rwxp 00000000 00:00 0 
9f3b0000-a07f0000 rwxp 00000000 00:00 0 
a07f0000-b37b0000 rwxp 00000000 00:00 0 
b37bd000-b37c6000 rwxp 00000000 00:00 0 
b37c6000-b387d000 rwxp 00000000 00:00 0 
b387d000-b3abd000 rwxp 00000000 00:00 0 
b3abd000-b687d000 rwxp 00000000 00:00 0 
b687d000-b6888000 r-xp 00000000 08:01 14685025   /lib/i386-linux-gnu/libnss_files-2.13.so
b6888000-b6889000 r-xp 0000a000 08:01 14685025   /lib/i386-linux-gnu/libnss_files-2.13.so
b6889000-b688a000 rwxp 0000b000 08:01 14685025   /lib/i386-linux-gnu/libnss_files-2.13.so
b688a000-b6894000 r-xp 00000000 08:01 14685042   /lib/i386-linux-gnu/libnss_nis-2.13.so
b6894000-b6895000 r-xp 00009000 08:01 14685042   /lib/i386-linux-gnu/libnss_nis-2.13.so
b6895000-b6896000 rwxp 0000a000 08:01 14685042   /lib/i386-linux-gnu/libnss_nis-2.13.so
b6896000-b689e000 r-xp 00000000 08:01 14685023   /lib/i386-linux-gnu/libnss_compat-2.13.so
b689e000-b689f000 r-xp 00007000 08:01 14685023   /lib/i386-linux-gnu/libnss_compat-2.13.so
b689f000-b68a0000 rwxp 00008000 08:01 14685023   /lib/i386-linux-gnu/libnss_compat-2.13.so
b68a0000-b68b5000 r-xp 00000000 08:01 14685022   /lib/i386-linux-gnu/libnsl-2.13.so
b68b5000-b68b6000 r-xp 00015000 08:01 14685022   /lib/i386-linux-gnu/libnsl-2.13.so
b68b6000-b68b7000 rwxp 00016000 08:01 14685022   /lib/i386-linux-gnu/libnsl-2.13.so
b68b7000-b68b9000 rwxp 00000000 00:00 0 
b68bd000-b68be000 r-xp 002a1000 08:01 4064646    /usr/lib/locale/locale-archive
b68be000-b68cd000 r-xp 00000000 08:01 4593526    /usr/lib/jvm/java-6-sun-1.6.0.26/jre/lib/i386/libzip.so
b68cd000-b68cf000 rwxp 0000e000 08:01 4593526    /usr/lib/jvm/java-6-sun-1.6.0.26/jre/lib/i386/libzip.so
b68cf000-b68f2000 r-xp 00000000 08:01 4593524    /usr/lib/jvm/java-6-sun-1.6.0.26/jre/lib/i386/libjava.so
b68f2000-b68f4000 rwxp 00023000 08:01 4593524    /usr/lib/jvm/java-6-sun-1.6.0.26/jre/lib/i386/libjava.so
b68f4000-b68fb000 r-xp 00000000 08:01 14685064   /lib/i386-linux-gnu/librt-2.13.so
b68fb000-b68fc000 r-xp 00006000 08:01 14685064   /lib/i386-linux-gnu/librt-2.13.so
b68fc000-b68fd000 rwxp 00007000 08:01 14685064   /lib/i386-linux-gnu/librt-2.13.so
b68fd000-b6900000 ---p 00000000 00:00 0 
b6900000-b694e000 rwxp 00000000 00:00 0 
b694e000-b6976000 r-xp 00000000 08:01 14685020   /lib/i386-linux-gnu/libm-2.13.so
b6976000-b6977000 r-xp 00028000 08:01 14685020   /lib/i386-linux-gnu/libm-2.13.so
b6977000-b6978000 rwxp 00029000 08:01 14685020   /lib/i386-linux-gnu/libm-2.13.so
b6978000-b712a000 r-xp 00000000 08:01 4593514    /usr/lib/jvm/java-6-sun-1.6.0.26/jre/lib/i386/server/libjvm.so
b712a000-b717e000 rwxp 007b1000 08:01 4593514    /usr/lib/jvm/java-6-sun-1.6.0.26/jre/lib/i386/server/libjvm.so
b717e000-b759d000 rwxp 00000000 00:00 0 
b759d000-b7715000 r-xp 00000000 08:01 14684867   /lib/i386-linux-gnu/libc-2.13.so
b7715000-b7717000 r-xp 00178000 08:01 14684867   /lib/i386-linux-gnu/libc-2.13.so
b7717000-b7718000 rwxp 0017a000 08:01 14684867   /lib/i386-linux-gnu/libc-2.13.so
b7718000-b771b000 rwxp 00000000 00:00 0 
b771b000-b771e000 r-xp 00000000 08:01 14685019   /lib/i386-linux-gnu/libdl-2.13.so
b771e000-b771f000 r-xp 00002000 08:01 14685019   /lib/i386-linux-gnu/libdl-2.13.so
b771f000-b7720000 rwxp 00003000 08:01 14685019   /lib/i386-linux-gnu/libdl-2.13.so
b7720000-b7727000 r-xp 00000000 08:01 4593525    /usr/lib/jvm/java-6-sun-1.6.0.26/jre/lib/i386/jli/libjli.so
b7727000-b7729000 rwxp 00006000 08:01 4593525    /usr/lib/jvm/java-6-sun-1.6.0.26/jre/lib/i386/jli/libjli.so
b7729000-b772a000 rwxp 00000000 00:00 0 
b772a000-b7741000 r-xp 00000000 08:01 14685062   /lib/i386-linux-gnu/libpthread-2.13.so
b7741000-b7742000 r-xp 00016000 08:01 14685062   /lib/i386-linux-gnu/libpthread-2.13.so
b7742000-b7743000 rwxp 00017000 08:01 14685062   /lib/i386-linux-gnu/libpthread-2.13.so
b7743000-b7745000 rwxp 00000000 00:00 0 
b7745000-b774d000 rwxs 00000000 08:01 14162045   /tmp/hsperfdata_bilsj/12720
b774d000-b774e000 rwxp 00000000 00:00 0 
b774e000-b774f000 r-xp 00000000 00:00 0 
b774f000-b775a000 r-xp 00000000 08:01 4593523    /usr/lib/jvm/java-6-sun-1.6.0.26/jre/lib/i386/libverify.so
b775a000-b775b000 rwxp 0000b000 08:01 4593523    /usr/lib/jvm/java-6-sun-1.6.0.26/jre/lib/i386/libverify.so
b775b000-b775d000 rwxp 00000000 00:00 0 
b775d000-b775e000 r-xp 00000000 00:00 0          [vdso]
b775e000-b777c000 r-xp 00000000 08:01 14680183   /lib/i386-linux-gnu/ld-2.13.so
b777c000-b777d000 r-xp 0001d000 08:01 14680183   /lib/i386-linux-gnu/ld-2.13.so
b777d000-b777e000 rwxp 0001e000 08:01 14680183   /lib/i386-linux-gnu/ld-2.13.so
bf9a2000-bf9c4000 rwxp 00000000 00:00 0          [stack]

VM Arguments:
jvm_args: -Xbootclasspath/a:/home/bilsj/.m2/repository/org/scala-lang/scala-library/2.9.2/scala-library-2.9.2.jar 
java_command: org_scala_tools_maven_executions.MainWithArgsInFile scala.tools.nsc.Main /tmp/scala-maven-7585949712182543173.args
Launcher Type: SUN_STANDARD

Environment Variables:
JAVA_HOME=/usr/lib/jvm/java-6-sun
PATH=/usr/lib/lightdm/lightdm:/usr/local/sbin:/usr/local/bin:/usr/sbin:/usr/bin:/sbin:/bin:/usr/games:/usr/local/apache-maven/apache-maven/bin
USERNAME=bilsj
LD_LIBRARY_PATH=/usr/lib/jvm/java-6-sun-1.6.0.26/jre/lib/i386/server:/usr/lib/jvm/java-6-sun-1.6.0.26/jre/lib/i386:/usr/lib/jvm/java-6-sun-1.6.0.26/jre/../lib/i386
SHELL=/bin/bash
DISPLAY=:0

Signal Handlers:
SIGSEGV: [libjvm.so+0x725510], sa_mask[0]=0x7ffbfeff, sa_flags=0x10000004
SIGBUS: [libjvm.so+0x725510], sa_mask[0]=0x7ffbfeff, sa_flags=0x10000004
SIGFPE: [libjvm.so+0x5dff20], sa_mask[0]=0x7ffbfeff, sa_flags=0x10000004
SIGPIPE: [libjvm.so+0x5dff20], sa_mask[0]=0x7ffbfeff, sa_flags=0x10000004
SIGXFSZ: [libjvm.so+0x5dff20], sa_mask[0]=0x7ffbfeff, sa_flags=0x10000004
SIGILL: [libjvm.so+0x5dff20], sa_mask[0]=0x7ffbfeff, sa_flags=0x10000004
SIGUSR1: SIG_DFL, sa_mask[0]=0x00000000, sa_flags=0x00000000
SIGUSR2: [libjvm.so+0x5e3160], sa_mask[0]=0x00000004, sa_flags=0x10000004
SIGHUP: [libjvm.so+0x5e2d40], sa_mask[0]=0x7ffbfeff, sa_flags=0x10000004
SIGINT: [libjvm.so+0x5e2d40], sa_mask[0]=0x7ffbfeff, sa_flags=0x10000004
SIGTERM: [libjvm.so+0x5e2d40], sa_mask[0]=0x7ffbfeff, sa_flags=0x10000004
SIGQUIT: [libjvm.so+0x5e2d40], sa_mask[0]=0x7ffbfeff, sa_flags=0x10000004


---------------  S Y S T E M  ---------------

OS:wheezy/sid

uname:Linux 3.0.0-19-generic-pae #32-Ubuntu SMP Thu Apr 5 20:14:48 UTC 2012 i686
libc:glibc 2.13 NPTL 2.13 
rlimit: STACK 8192k, CORE 0k, NPROC 30944, NOFILE 4096, AS infinity
load average:0.69 0.51 0.34

/proc/meminfo:
MemTotal:        3980388 kB
MemFree:          255740 kB
Buffers:          125384 kB
Cached:          1601708 kB
SwapCached:         1548 kB
Active:          2105960 kB
Inactive:        1413888 kB
Active(anon):    1289636 kB
Inactive(anon):   511980 kB
Active(file):     816324 kB
Inactive(file):   901908 kB
Unevictable:          36 kB
Mlocked:              36 kB
HighTotal:       3137604 kB
HighFree:          53228 kB
LowTotal:         842784 kB
LowFree:          202512 kB
SwapTotal:      12286972 kB
SwapFree:       12277824 kB
Dirty:               512 kB
Writeback:             0 kB
AnonPages:       1791124 kB
Mapped:           182280 kB
Shmem:              8860 kB
Slab:             113136 kB
SReclaimable:      76032 kB
SUnreclaim:        37104 kB
KernelStack:        5016 kB
PageTables:        14012 kB
NFS_Unstable:          0 kB
Bounce:                0 kB
WritebackTmp:          0 kB
CommitLimit:    14277164 kB
Committed_AS:    5935820 kB
VmallocTotal:     122880 kB
VmallocUsed:       82392 kB
VmallocChunk:      33276 kB
HardwareCorrupted:     0 kB
AnonHugePages:         0 kB
HugePages_Total:       0
HugePages_Free:        0
HugePages_Rsvd:        0
HugePages_Surp:        0
Hugepagesize:       2048 kB
DirectMap4k:       69624 kB
DirectMap2M:      843776 kB


CPU:total 4 (2 cores per cpu, 2 threads per core) family 6 model 37 stepping 5, cmov, cx8, fxsr, mmx, sse, sse2, sse3, ssse3, sse4.1, sse4.2, popcnt, ht

/proc/cpuinfo:
processor	: 0
vendor_id	: GenuineIntel
cpu family	: 6
model		: 37
model name	: Intel(R) Core(TM) i7 CPU       M 620  @ 2.67GHz
stepping	: 5
cpu MHz		: 1199.000
cache size	: 4096 KB
physical id	: 0
siblings	: 4
core id		: 0
cpu cores	: 2
apicid		: 0
initial apicid	: 0
fdiv_bug	: no
hlt_bug		: no
f00f_bug	: no
coma_bug	: no
fpu		: yes
fpu_exception	: yes
cpuid level	: 11
wp		: yes
flags		: fpu vme de pse tsc msr pae mce cx8 apic sep mtrr pge mca cmov pat pse36 clflush dts acpi mmx fxsr sse sse2 ss ht tm pbe nx rdtscp lm constant_tsc arch_perfmon pebs bts xtopology nonstop_tsc aperfmperf pni pclmulqdq dtes64 monitor ds_cpl vmx smx est tm2 ssse3 cx16 xtpr pdcm sse4_1 sse4_2 popcnt aes lahf_lm ida arat dts tpr_shadow vnmi flexpriority ept vpid
bogomips	: 5320.25
clflush size	: 64
cache_alignment	: 64
address sizes	: 36 bits physical, 48 bits virtual
power management:

processor	: 1
vendor_id	: GenuineIntel
cpu family	: 6
model		: 37
model name	: Intel(R) Core(TM) i7 CPU       M 620  @ 2.67GHz
stepping	: 5
cpu MHz		: 2667.000
cache size	: 4096 KB
physical id	: 0
siblings	: 4
core id		: 0
cpu cores	: 2
apicid		: 1
initial apicid	: 1
fdiv_bug	: no
hlt_bug		: no
f00f_bug	: no
coma_bug	: no
fpu		: yes
fpu_exception	: yes
cpuid level	: 11
wp		: yes
flags		: fpu vme de pse tsc msr pae mce cx8 apic sep mtrr pge mca cmov pat pse36 clflush dts acpi mmx fxsr sse sse2 ss ht tm pbe nx rdtscp lm constant_tsc arch_perfmon pebs bts xtopology nonstop_tsc aperfmperf pni pclmulqdq dtes64 monitor ds_cpl vmx smx est tm2 ssse3 cx16 xtpr pdcm sse4_1 sse4_2 popcnt aes lahf_lm ida arat dts tpr_shadow vnmi flexpriority ept vpid
bogomips	: 5319.90
clflush size	: 64
cache_alignment	: 64
address sizes	: 36 bits physical, 48 bits virtual
power management:

processor	: 2
vendor_id	: GenuineIntel
cpu family	: 6
model		: 37
model name	: Intel(R) Core(TM) i7 CPU       M 620  @ 2.67GHz
stepping	: 5
cpu MHz		: 2667.000
cache size	: 4096 KB
physical id	: 0
siblings	: 4
core id		: 2
cpu cores	: 2
apicid		: 4
initial apicid	: 4
fdiv_bug	: no
hlt_bug		: no
f00f_bug	: no
coma_bug	: no
fpu		: yes
fpu_exception	: yes
cpuid level	: 11
wp		: yes
flags		: fpu vme de pse tsc msr pae mce cx8 apic sep mtrr pge mca cmov pat pse36 clflush dts acpi mmx fxsr sse sse2 ss ht tm pbe nx rdtscp lm constant_tsc arch_perfmon pebs bts xtopology nonstop_tsc aperfmperf pni pclmulqdq dtes64 monitor ds_cpl vmx smx est tm2 ssse3 cx16 xtpr pdcm sse4_1 sse4_2 popcnt aes lahf_lm ida arat dts tpr_shadow vnmi flexpriority ept vpid
bogomips	: 5319.91
clflush size	: 64
cache_alignment	: 64
address sizes	: 36 bits physical, 48 bits virtual
power management:

processor	: 3
vendor_id	: GenuineIntel
cpu family	: 6
model		: 37
model name	: Intel(R) Core(TM) i7 CPU       M 620  @ 2.67GHz
stepping	: 5
cpu MHz		: 2667.000
cache size	: 4096 KB
physical id	: 0
siblings	: 4
core id		: 2
cpu cores	: 2
apicid		: 5
initial apicid	: 5
fdiv_bug	: no
hlt_bug		: no
f00f_bug	: no
coma_bug	: no
fpu		: yes
fpu_exception	: yes
cpuid level	: 11
wp		: yes
flags		: fpu vme de pse tsc msr pae mce cx8 apic sep mtrr pge mca cmov pat pse36 clflush dts acpi mmx fxsr sse sse2 ss ht tm pbe nx rdtscp lm constant_tsc arch_perfmon pebs bts xtopology nonstop_tsc aperfmperf pni pclmulqdq dtes64 monitor ds_cpl vmx smx est tm2 ssse3 cx16 xtpr pdcm sse4_1 sse4_2 popcnt aes lahf_lm ida arat dts tpr_shadow vnmi flexpriority ept vpid
bogomips	: 5319.91
clflush size	: 64
cache_alignment	: 64
address sizes	: 36 bits physical, 48 bits virtual
power management:



Memory: 4k page, physical 3980388k(255740k free), swap 12286972k(12277824k free)

vm_info: Java HotSpot(TM) Server VM (20.1-b02) for linux-x86 JRE (1.6.0_26-b03), built on May  4 2011 01:04:10 by "java_re" with gcc 3.2.1-7a (J2SE release)

time: Mon May  7 11:58:12 2012
elapsed time: 0 seconds

